<?xml version="1.0" encoding="UTF-8"?>
<testsuite xmlns:xsi="http://www.w3.org/2001/XMLSchema-instance" xsi:noNamespaceSchemaLocation="https://maven.apache.org/surefire/maven-surefire-plugin/xsd/surefire-test-report.xsd" name="TestSuite" time="783.795" tests="29" errors="0" skipped="11" failures="12">
  <properties>
    <property name="awt.toolkit" value="sun.awt.X11.XToolkit"/>
    <property name="java.specification.version" value="11"/>
    <property name="sun.cpu.isalist" value=""/>
    <property name="sun.jnu.encoding" value="UTF-8"/>
    <property name="java.class.path" value="/workspace/Lambda-Test-Selenium-Java-101-Assignment/target/test-classes:/workspace/Lambda-Test-Selenium-Java-101-Assignment/target/classes:/workspace/m2-repository/org/seleniumhq/selenium/selenium-java/4.8.0/selenium-java-4.8.0.jar:/workspace/m2-repository/org/seleniumhq/selenium/selenium-api/4.8.0/selenium-api-4.8.0.jar:/workspace/m2-repository/org/seleniumhq/selenium/selenium-chrome-driver/4.8.0/selenium-chrome-driver-4.8.0.jar:/workspace/m2-repository/com/google/auto/service/auto-service-annotations/1.0.1/auto-service-annotations-1.0.1.jar:/workspace/m2-repository/com/google/auto/service/auto-service/1.0.1/auto-service-1.0.1.jar:/workspace/m2-repository/com/google/auto/auto-common/1.2/auto-common-1.2.jar:/workspace/m2-repository/com/google/guava/guava/31.1-jre/guava-31.1-jre.jar:/workspace/m2-repository/com/google/guava/failureaccess/1.0.1/failureaccess-1.0.1.jar:/workspace/m2-repository/com/google/guava/listenablefuture/9999.0-empty-to-avoid-conflict-with-guava/listenablefuture-9999.0-empty-to-avoid-conflict-with-guava.jar:/workspace/m2-repository/com/google/code/findbugs/jsr305/3.0.2/jsr305-3.0.2.jar:/workspace/m2-repository/org/checkerframework/checker-qual/3.12.0/checker-qual-3.12.0.jar:/workspace/m2-repository/com/google/errorprone/error_prone_annotations/2.11.0/error_prone_annotations-2.11.0.jar:/workspace/m2-repository/com/google/j2objc/j2objc-annotations/1.3/j2objc-annotations-1.3.jar:/workspace/m2-repository/org/seleniumhq/selenium/selenium-chromium-driver/4.8.0/selenium-chromium-driver-4.8.0.jar:/workspace/m2-repository/org/seleniumhq/selenium/selenium-json/4.8.0/selenium-json-4.8.0.jar:/workspace/m2-repository/org/seleniumhq/selenium/selenium-devtools-v107/4.8.0/selenium-devtools-v107-4.8.0.jar:/workspace/m2-repository/org/seleniumhq/selenium/selenium-devtools-v108/4.8.0/selenium-devtools-v108-4.8.0.jar:/workspace/m2-repository/org/seleniumhq/selenium/selenium-devtools-v109/4.8.0/selenium-devtools-v109-4.8.0.jar:/workspace/m2-repository/org/seleniumhq/selenium/selenium-devtools-v85/4.8.0/selenium-devtools-v85-4.8.0.jar:/workspace/m2-repository/org/seleniumhq/selenium/selenium-edge-driver/4.8.0/selenium-edge-driver-4.8.0.jar:/workspace/m2-repository/org/seleniumhq/selenium/selenium-firefox-driver/4.8.0/selenium-firefox-driver-4.8.0.jar:/workspace/m2-repository/org/seleniumhq/selenium/selenium-http/4.8.0/selenium-http-4.8.0.jar:/workspace/m2-repository/dev/failsafe/failsafe/3.3.0/failsafe-3.3.0.jar:/workspace/m2-repository/org/seleniumhq/selenium/selenium-ie-driver/4.8.0/selenium-ie-driver-4.8.0.jar:/workspace/m2-repository/org/seleniumhq/selenium/selenium-remote-driver/4.8.0/selenium-remote-driver-4.8.0.jar:/workspace/m2-repository/io/netty/netty-buffer/4.1.87.Final/netty-buffer-4.1.87.Final.jar:/workspace/m2-repository/io/netty/netty-codec-http/4.1.87.Final/netty-codec-http-4.1.87.Final.jar:/workspace/m2-repository/io/netty/netty-codec/4.1.87.Final/netty-codec-4.1.87.Final.jar:/workspace/m2-repository/io/netty/netty-handler/4.1.87.Final/netty-handler-4.1.87.Final.jar:/workspace/m2-repository/io/netty/netty-common/4.1.87.Final/netty-common-4.1.87.Final.jar:/workspace/m2-repository/io/netty/netty-transport-classes-epoll/4.1.87.Final/netty-transport-classes-epoll-4.1.87.Final.jar:/workspace/m2-repository/io/netty/netty-transport-classes-kqueue/4.1.87.Final/netty-transport-classes-kqueue-4.1.87.Final.jar:/workspace/m2-repository/io/netty/netty-transport-native-epoll/4.1.87.Final/netty-transport-native-epoll-4.1.87.Final.jar:/workspace/m2-repository/io/netty/netty-transport-native-kqueue/4.1.87.Final/netty-transport-native-kqueue-4.1.87.Final.jar:/workspace/m2-repository/io/netty/netty-transport-native-unix-common/4.1.87.Final/netty-transport-native-unix-common-4.1.87.Final.jar:/workspace/m2-repository/io/netty/netty-transport/4.1.87.Final/netty-transport-4.1.87.Final.jar:/workspace/m2-repository/io/netty/netty-resolver/4.1.87.Final/netty-resolver-4.1.87.Final.jar:/workspace/m2-repository/io/opentelemetry/opentelemetry-api/1.22.0/opentelemetry-api-1.22.0.jar:/workspace/m2-repository/io/opentelemetry/opentelemetry-context/1.22.0/opentelemetry-context-1.22.0.jar:/workspace/m2-repository/io/opentelemetry/opentelemetry-exporter-logging/1.22.0/opentelemetry-exporter-logging-1.22.0.jar:/workspace/m2-repository/io/opentelemetry/opentelemetry-sdk-metrics/1.22.0/opentelemetry-sdk-metrics-1.22.0.jar:/workspace/m2-repository/io/opentelemetry/opentelemetry-sdk-logs/1.22.0-alpha/opentelemetry-sdk-logs-1.22.0-alpha.jar:/workspace/m2-repository/io/opentelemetry/opentelemetry-api-logs/1.22.0-alpha/opentelemetry-api-logs-1.22.0-alpha.jar:/workspace/m2-repository/io/opentelemetry/opentelemetry-sdk-common/1.22.0/opentelemetry-sdk-common-1.22.0.jar:/workspace/m2-repository/io/opentelemetry/opentelemetry-sdk-extension-autoconfigure-spi/1.22.0/opentelemetry-sdk-extension-autoconfigure-spi-1.22.0.jar:/workspace/m2-repository/io/opentelemetry/opentelemetry-sdk-extension-autoconfigure/1.22.0-alpha/opentelemetry-sdk-extension-autoconfigure-1.22.0-alpha.jar:/workspace/m2-repository/io/opentelemetry/opentelemetry-sdk-trace/1.22.0/opentelemetry-sdk-trace-1.22.0.jar:/workspace/m2-repository/io/opentelemetry/opentelemetry-sdk/1.22.0/opentelemetry-sdk-1.22.0.jar:/workspace/m2-repository/io/opentelemetry/opentelemetry-semconv/1.22.0-alpha/opentelemetry-semconv-1.22.0-alpha.jar:/workspace/m2-repository/io/ous/jtoml/2.0.0/jtoml-2.0.0.jar:/workspace/m2-repository/net/bytebuddy/byte-buddy/1.12.22/byte-buddy-1.12.22.jar:/workspace/m2-repository/org/apache/commons/commons-exec/1.3/commons-exec-1.3.jar:/workspace/m2-repository/org/asynchttpclient/async-http-client/2.12.3/async-http-client-2.12.3.jar:/workspace/m2-repository/org/asynchttpclient/async-http-client-netty-utils/2.12.3/async-http-client-netty-utils-2.12.3.jar:/workspace/m2-repository/io/netty/netty-codec-socks/4.1.60.Final/netty-codec-socks-4.1.60.Final.jar:/workspace/m2-repository/io/netty/netty-handler-proxy/4.1.60.Final/netty-handler-proxy-4.1.60.Final.jar:/workspace/m2-repository/io/netty/netty-transport-native-epoll/4.1.60.Final/netty-transport-native-epoll-4.1.60.Final-linux-x86_64.jar:/workspace/m2-repository/io/netty/netty-transport-native-kqueue/4.1.60.Final/netty-transport-native-kqueue-4.1.60.Final-osx-x86_64.jar:/workspace/m2-repository/org/reactivestreams/reactive-streams/1.0.3/reactive-streams-1.0.3.jar:/workspace/m2-repository/com/typesafe/netty/netty-reactive-streams/2.0.4/netty-reactive-streams-2.0.4.jar:/workspace/m2-repository/com/sun/activation/jakarta.activation/1.2.2/jakarta.activation-1.2.2.jar:/workspace/m2-repository/org/seleniumhq/selenium/selenium-manager/4.8.0/selenium-manager-4.8.0.jar:/workspace/m2-repository/org/seleniumhq/selenium/selenium-safari-driver/4.8.0/selenium-safari-driver-4.8.0.jar:/workspace/m2-repository/org/seleniumhq/selenium/selenium-support/4.8.0/selenium-support-4.8.0.jar:/workspace/m2-repository/org/testng/testng/7.7.1/testng-7.7.1.jar:/workspace/m2-repository/org/slf4j/slf4j-api/1.7.36/slf4j-api-1.7.36.jar:/workspace/m2-repository/com/beust/jcommander/1.82/jcommander-1.82.jar:/workspace/m2-repository/org/webjars/jquery/3.6.1/jquery-3.6.1.jar:/workspace/m2-repository/io/github/bonigarcia/webdrivermanager/5.3.2/webdrivermanager-5.3.2.jar:/workspace/m2-repository/com/google/code/gson/gson/2.10.1/gson-2.10.1.jar:/workspace/m2-repository/com/github/docker-java/docker-java/3.2.14/docker-java-3.2.14.jar:/workspace/m2-repository/com/github/docker-java/docker-java-core/3.2.14/docker-java-core-3.2.14.jar:/workspace/m2-repository/com/github/docker-java/docker-java-api/3.2.14/docker-java-api-3.2.14.jar:/workspace/m2-repository/com/fasterxml/jackson/core/jackson-annotations/2.10.3/jackson-annotations-2.10.3.jar:/workspace/m2-repository/commons-io/commons-io/2.6/commons-io-2.6.jar:/workspace/m2-repository/org/apache/commons/commons-compress/1.21/commons-compress-1.21.jar:/workspace/m2-repository/com/fasterxml/jackson/core/jackson-databind/2.10.3/jackson-databind-2.10.3.jar:/workspace/m2-repository/com/fasterxml/jackson/core/jackson-core/2.10.3/jackson-core-2.10.3.jar:/workspace/m2-repository/org/bouncycastle/bcpkix-jdk15on/1.64/bcpkix-jdk15on-1.64.jar:/workspace/m2-repository/org/bouncycastle/bcprov-jdk15on/1.64/bcprov-jdk15on-1.64.jar:/workspace/m2-repository/org/slf4j/jcl-over-slf4j/1.7.30/jcl-over-slf4j-1.7.30.jar:/workspace/m2-repository/com/github/docker-java/docker-java-transport-httpclient5/3.2.14/docker-java-transport-httpclient5-3.2.14.jar:/workspace/m2-repository/com/github/docker-java/docker-java-transport/3.2.14/docker-java-transport-3.2.14.jar:/workspace/m2-repository/net/java/dev/jna/jna/5.12.1/jna-5.12.1.jar:/workspace/m2-repository/org/brotli/dec/0.1.2/dec-0.1.2.jar:/workspace/m2-repository/org/apache/commons/commons-lang3/3.12.0/commons-lang3-3.12.0.jar:/workspace/m2-repository/org/apache/httpcomponents/client5/httpclient5/5.2.1/httpclient5-5.2.1.jar:/workspace/m2-repository/org/apache/httpcomponents/core5/httpcore5/5.2/httpcore5-5.2.jar:/workspace/m2-repository/org/apache/httpcomponents/core5/httpcore5-h2/5.2/httpcore5-h2-5.2.jar:"/>
    <property name="java.vm.vendor" value="Azul Systems, Inc."/>
    <property name="sun.arch.data.model" value="64"/>
    <property name="java.vendor.url" value="http://www.azul.com/"/>
    <property name="user.timezone" value=""/>
    <property name="java.vm.specification.version" value="11"/>
    <property name="os.name" value="Linux"/>
    <property name="sun.java.launcher" value="SUN_STANDARD"/>
    <property name="user.country" value="US"/>
    <property name="sun.boot.library.path" value="/home/gitpod/.sdkman/candidates/java/11.0.17.fx-zulu/lib"/>
    <property name="sun.java.command" value="/workspace/Lambda-Test-Selenium-Java-101-Assignment/target/surefire/surefirebooter7563943491383036448.jar /workspace/Lambda-Test-Selenium-Java-101-Assignment/target/surefire 2023-02-23T18-00-49_096-jvmRun1 surefire12394862061840570462tmp surefire_09987247472667781874tmp"/>
    <property name="jdk.debug" value="release"/>
    <property name="surefire.test.class.path" value="/workspace/Lambda-Test-Selenium-Java-101-Assignment/target/test-classes:/workspace/Lambda-Test-Selenium-Java-101-Assignment/target/classes:/workspace/m2-repository/org/seleniumhq/selenium/selenium-java/4.8.0/selenium-java-4.8.0.jar:/workspace/m2-repository/org/seleniumhq/selenium/selenium-api/4.8.0/selenium-api-4.8.0.jar:/workspace/m2-repository/org/seleniumhq/selenium/selenium-chrome-driver/4.8.0/selenium-chrome-driver-4.8.0.jar:/workspace/m2-repository/com/google/auto/service/auto-service-annotations/1.0.1/auto-service-annotations-1.0.1.jar:/workspace/m2-repository/com/google/auto/service/auto-service/1.0.1/auto-service-1.0.1.jar:/workspace/m2-repository/com/google/auto/auto-common/1.2/auto-common-1.2.jar:/workspace/m2-repository/com/google/guava/guava/31.1-jre/guava-31.1-jre.jar:/workspace/m2-repository/com/google/guava/failureaccess/1.0.1/failureaccess-1.0.1.jar:/workspace/m2-repository/com/google/guava/listenablefuture/9999.0-empty-to-avoid-conflict-with-guava/listenablefuture-9999.0-empty-to-avoid-conflict-with-guava.jar:/workspace/m2-repository/com/google/code/findbugs/jsr305/3.0.2/jsr305-3.0.2.jar:/workspace/m2-repository/org/checkerframework/checker-qual/3.12.0/checker-qual-3.12.0.jar:/workspace/m2-repository/com/google/errorprone/error_prone_annotations/2.11.0/error_prone_annotations-2.11.0.jar:/workspace/m2-repository/com/google/j2objc/j2objc-annotations/1.3/j2objc-annotations-1.3.jar:/workspace/m2-repository/org/seleniumhq/selenium/selenium-chromium-driver/4.8.0/selenium-chromium-driver-4.8.0.jar:/workspace/m2-repository/org/seleniumhq/selenium/selenium-json/4.8.0/selenium-json-4.8.0.jar:/workspace/m2-repository/org/seleniumhq/selenium/selenium-devtools-v107/4.8.0/selenium-devtools-v107-4.8.0.jar:/workspace/m2-repository/org/seleniumhq/selenium/selenium-devtools-v108/4.8.0/selenium-devtools-v108-4.8.0.jar:/workspace/m2-repository/org/seleniumhq/selenium/selenium-devtools-v109/4.8.0/selenium-devtools-v109-4.8.0.jar:/workspace/m2-repository/org/seleniumhq/selenium/selenium-devtools-v85/4.8.0/selenium-devtools-v85-4.8.0.jar:/workspace/m2-repository/org/seleniumhq/selenium/selenium-edge-driver/4.8.0/selenium-edge-driver-4.8.0.jar:/workspace/m2-repository/org/seleniumhq/selenium/selenium-firefox-driver/4.8.0/selenium-firefox-driver-4.8.0.jar:/workspace/m2-repository/org/seleniumhq/selenium/selenium-http/4.8.0/selenium-http-4.8.0.jar:/workspace/m2-repository/dev/failsafe/failsafe/3.3.0/failsafe-3.3.0.jar:/workspace/m2-repository/org/seleniumhq/selenium/selenium-ie-driver/4.8.0/selenium-ie-driver-4.8.0.jar:/workspace/m2-repository/org/seleniumhq/selenium/selenium-remote-driver/4.8.0/selenium-remote-driver-4.8.0.jar:/workspace/m2-repository/io/netty/netty-buffer/4.1.87.Final/netty-buffer-4.1.87.Final.jar:/workspace/m2-repository/io/netty/netty-codec-http/4.1.87.Final/netty-codec-http-4.1.87.Final.jar:/workspace/m2-repository/io/netty/netty-codec/4.1.87.Final/netty-codec-4.1.87.Final.jar:/workspace/m2-repository/io/netty/netty-handler/4.1.87.Final/netty-handler-4.1.87.Final.jar:/workspace/m2-repository/io/netty/netty-common/4.1.87.Final/netty-common-4.1.87.Final.jar:/workspace/m2-repository/io/netty/netty-transport-classes-epoll/4.1.87.Final/netty-transport-classes-epoll-4.1.87.Final.jar:/workspace/m2-repository/io/netty/netty-transport-classes-kqueue/4.1.87.Final/netty-transport-classes-kqueue-4.1.87.Final.jar:/workspace/m2-repository/io/netty/netty-transport-native-epoll/4.1.87.Final/netty-transport-native-epoll-4.1.87.Final.jar:/workspace/m2-repository/io/netty/netty-transport-native-kqueue/4.1.87.Final/netty-transport-native-kqueue-4.1.87.Final.jar:/workspace/m2-repository/io/netty/netty-transport-native-unix-common/4.1.87.Final/netty-transport-native-unix-common-4.1.87.Final.jar:/workspace/m2-repository/io/netty/netty-transport/4.1.87.Final/netty-transport-4.1.87.Final.jar:/workspace/m2-repository/io/netty/netty-resolver/4.1.87.Final/netty-resolver-4.1.87.Final.jar:/workspace/m2-repository/io/opentelemetry/opentelemetry-api/1.22.0/opentelemetry-api-1.22.0.jar:/workspace/m2-repository/io/opentelemetry/opentelemetry-context/1.22.0/opentelemetry-context-1.22.0.jar:/workspace/m2-repository/io/opentelemetry/opentelemetry-exporter-logging/1.22.0/opentelemetry-exporter-logging-1.22.0.jar:/workspace/m2-repository/io/opentelemetry/opentelemetry-sdk-metrics/1.22.0/opentelemetry-sdk-metrics-1.22.0.jar:/workspace/m2-repository/io/opentelemetry/opentelemetry-sdk-logs/1.22.0-alpha/opentelemetry-sdk-logs-1.22.0-alpha.jar:/workspace/m2-repository/io/opentelemetry/opentelemetry-api-logs/1.22.0-alpha/opentelemetry-api-logs-1.22.0-alpha.jar:/workspace/m2-repository/io/opentelemetry/opentelemetry-sdk-common/1.22.0/opentelemetry-sdk-common-1.22.0.jar:/workspace/m2-repository/io/opentelemetry/opentelemetry-sdk-extension-autoconfigure-spi/1.22.0/opentelemetry-sdk-extension-autoconfigure-spi-1.22.0.jar:/workspace/m2-repository/io/opentelemetry/opentelemetry-sdk-extension-autoconfigure/1.22.0-alpha/opentelemetry-sdk-extension-autoconfigure-1.22.0-alpha.jar:/workspace/m2-repository/io/opentelemetry/opentelemetry-sdk-trace/1.22.0/opentelemetry-sdk-trace-1.22.0.jar:/workspace/m2-repository/io/opentelemetry/opentelemetry-sdk/1.22.0/opentelemetry-sdk-1.22.0.jar:/workspace/m2-repository/io/opentelemetry/opentelemetry-semconv/1.22.0-alpha/opentelemetry-semconv-1.22.0-alpha.jar:/workspace/m2-repository/io/ous/jtoml/2.0.0/jtoml-2.0.0.jar:/workspace/m2-repository/net/bytebuddy/byte-buddy/1.12.22/byte-buddy-1.12.22.jar:/workspace/m2-repository/org/apache/commons/commons-exec/1.3/commons-exec-1.3.jar:/workspace/m2-repository/org/asynchttpclient/async-http-client/2.12.3/async-http-client-2.12.3.jar:/workspace/m2-repository/org/asynchttpclient/async-http-client-netty-utils/2.12.3/async-http-client-netty-utils-2.12.3.jar:/workspace/m2-repository/io/netty/netty-codec-socks/4.1.60.Final/netty-codec-socks-4.1.60.Final.jar:/workspace/m2-repository/io/netty/netty-handler-proxy/4.1.60.Final/netty-handler-proxy-4.1.60.Final.jar:/workspace/m2-repository/io/netty/netty-transport-native-epoll/4.1.60.Final/netty-transport-native-epoll-4.1.60.Final-linux-x86_64.jar:/workspace/m2-repository/io/netty/netty-transport-native-kqueue/4.1.60.Final/netty-transport-native-kqueue-4.1.60.Final-osx-x86_64.jar:/workspace/m2-repository/org/reactivestreams/reactive-streams/1.0.3/reactive-streams-1.0.3.jar:/workspace/m2-repository/com/typesafe/netty/netty-reactive-streams/2.0.4/netty-reactive-streams-2.0.4.jar:/workspace/m2-repository/com/sun/activation/jakarta.activation/1.2.2/jakarta.activation-1.2.2.jar:/workspace/m2-repository/org/seleniumhq/selenium/selenium-manager/4.8.0/selenium-manager-4.8.0.jar:/workspace/m2-repository/org/seleniumhq/selenium/selenium-safari-driver/4.8.0/selenium-safari-driver-4.8.0.jar:/workspace/m2-repository/org/seleniumhq/selenium/selenium-support/4.8.0/selenium-support-4.8.0.jar:/workspace/m2-repository/org/testng/testng/7.7.1/testng-7.7.1.jar:/workspace/m2-repository/org/slf4j/slf4j-api/1.7.36/slf4j-api-1.7.36.jar:/workspace/m2-repository/com/beust/jcommander/1.82/jcommander-1.82.jar:/workspace/m2-repository/org/webjars/jquery/3.6.1/jquery-3.6.1.jar:/workspace/m2-repository/io/github/bonigarcia/webdrivermanager/5.3.2/webdrivermanager-5.3.2.jar:/workspace/m2-repository/com/google/code/gson/gson/2.10.1/gson-2.10.1.jar:/workspace/m2-repository/com/github/docker-java/docker-java/3.2.14/docker-java-3.2.14.jar:/workspace/m2-repository/com/github/docker-java/docker-java-core/3.2.14/docker-java-core-3.2.14.jar:/workspace/m2-repository/com/github/docker-java/docker-java-api/3.2.14/docker-java-api-3.2.14.jar:/workspace/m2-repository/com/fasterxml/jackson/core/jackson-annotations/2.10.3/jackson-annotations-2.10.3.jar:/workspace/m2-repository/commons-io/commons-io/2.6/commons-io-2.6.jar:/workspace/m2-repository/org/apache/commons/commons-compress/1.21/commons-compress-1.21.jar:/workspace/m2-repository/com/fasterxml/jackson/core/jackson-databind/2.10.3/jackson-databind-2.10.3.jar:/workspace/m2-repository/com/fasterxml/jackson/core/jackson-core/2.10.3/jackson-core-2.10.3.jar:/workspace/m2-repository/org/bouncycastle/bcpkix-jdk15on/1.64/bcpkix-jdk15on-1.64.jar:/workspace/m2-repository/org/bouncycastle/bcprov-jdk15on/1.64/bcprov-jdk15on-1.64.jar:/workspace/m2-repository/org/slf4j/jcl-over-slf4j/1.7.30/jcl-over-slf4j-1.7.30.jar:/workspace/m2-repository/com/github/docker-java/docker-java-transport-httpclient5/3.2.14/docker-java-transport-httpclient5-3.2.14.jar:/workspace/m2-repository/com/github/docker-java/docker-java-transport/3.2.14/docker-java-transport-3.2.14.jar:/workspace/m2-repository/net/java/dev/jna/jna/5.12.1/jna-5.12.1.jar:/workspace/m2-repository/org/brotli/dec/0.1.2/dec-0.1.2.jar:/workspace/m2-repository/org/apache/commons/commons-lang3/3.12.0/commons-lang3-3.12.0.jar:/workspace/m2-repository/org/apache/httpcomponents/client5/httpclient5/5.2.1/httpclient5-5.2.1.jar:/workspace/m2-repository/org/apache/httpcomponents/core5/httpcore5/5.2/httpcore5-5.2.jar:/workspace/m2-repository/org/apache/httpcomponents/core5/httpcore5-h2/5.2/httpcore5-h2-5.2.jar:"/>
    <property name="sun.cpu.endian" value="little"/>
    <property name="user.home" value="/home/gitpod"/>
    <property name="user.language" value="en"/>
    <property name="java.specification.vendor" value="Oracle Corporation"/>
    <property name="java.version.date" value="2022-10-18"/>
    <property name="java.home" value="/home/gitpod/.sdkman/candidates/java/11.0.17.fx-zulu"/>
    <property name="file.separator" value="/"/>
    <property name="basedir" value="/workspace/Lambda-Test-Selenium-Java-101-Assignment"/>
    <property name="java.vm.compressedOopsMode" value="Zero based"/>
    <property name="line.separator" value="&#10;"/>
    <property name="java.specification.name" value="Java Platform API Specification"/>
    <property name="java.vm.specification.vendor" value="Oracle Corporation"/>
    <property name="jdk.vendor.version" value="Zulu11.60+19-CA"/>
    <property name="java.awt.graphicsenv" value="sun.awt.X11GraphicsEnvironment"/>
    <property name="surefire.real.class.path" value="/workspace/Lambda-Test-Selenium-Java-101-Assignment/target/surefire/surefirebooter7563943491383036448.jar"/>
    <property name="sun.management.compiler" value="HotSpot 64-Bit Tiered Compilers"/>
    <property name="java.runtime.version" value="11.0.17+8-LTS"/>
    <property name="user.name" value="gitpod"/>
    <property name="path.separator" value=":"/>
    <property name="os.version" value="5.15.0-47-generic"/>
    <property name="java.runtime.name" value="OpenJDK Runtime Environment"/>
    <property name="file.encoding" value="UTF-8"/>
    <property name="java.vm.name" value="OpenJDK 64-Bit Server VM"/>
    <property name="java.vendor.version" value="Zulu11.60+19-CA"/>
    <property name="localRepository" value="/workspace/m2-repository"/>
    <property name="java.vendor.url.bug" value="http://www.azul.com/support/"/>
    <property name="java.io.tmpdir" value="/tmp"/>
    <property name="java.version" value="11.0.17"/>
    <property name="user.dir" value="/workspace/Lambda-Test-Selenium-Java-101-Assignment"/>
    <property name="os.arch" value="amd64"/>
    <property name="java.vm.specification.name" value="Java Virtual Machine Specification"/>
    <property name="java.awt.printerjob" value="sun.print.PSPrinterJob"/>
    <property name="sun.os.patch.level" value="unknown"/>
    <property name="java.library.path" value="/usr/java/packages/lib:/usr/lib64:/lib64:/lib:/usr/lib"/>
    <property name="java.vm.info" value="mixed mode"/>
    <property name="java.vendor" value="Azul Systems, Inc."/>
    <property name="java.vm.version" value="11.0.17+8-LTS"/>
    <property name="sun.io.unicode.encoding" value="UnicodeLittle"/>
    <property name="java.class.version" value="55.0"/>
  </properties>
  <testcase name="validateUrl" classname="lambdatest.Tests.TestScenario1" time="0.913"/>
  <testcase name="validateUrl" classname="lambdatest.Tests.TestScenario1" time="1.632"/>
  <testcase name="validateUrl" classname="lambdatest.Tests.TestScenario1" time="0">
    <skipped/>
  </testcase>
  <testcase name="validateUrl" classname="lambdatest.Tests.TestScenario1" time="0">
    <skipped/>
  </testcase>
  <testcase name="dragAndDrop" classname="lambdatest.Tests.TestScenario2" time="2.073">
    <failure message="expected [95] but found [96]" type="java.lang.AssertionError">java.lang.AssertionError: expected [95] but found [96]
	at lambdatest.Tests.TestScenario2.dragAndDrop(TestScenario2.java:16)
</failure>
    <system-err><![CDATA[Feb 23, 2023 6:01:12 PM org.openqa.selenium.remote.RemoteWebDriver checkNonW3CCapabilities
WARNING: Support for Legacy Capabilities is deprecated; You are sending the following invalid capabilities: [build, console, name, network, platform, selenium_version, version, video, visual]; Please update to W3C Syntax: https://www.selenium.dev/blog/2022/legacy-protocol-support/
Feb 23, 2023 6:03:37 PM org.openqa.selenium.remote.ProtocolHandshake createSession
WARNING: Support for Legacy Capabilities is deprecated; You are sending the following invalid capabilities: [build, console, name, network, platform, selenium_version, version, video, visual]; Please update to W3C Syntax: https://www.selenium.dev/blog/2022/legacy-protocol-support/
]]></system-err>
  </testcase>
  <testcase name="dragAndDrop" classname="lambdatest.Tests.TestScenario2" time="0">
    <skipped/>
  </testcase>
  <testcase name="dragAndDrop" classname="lambdatest.Tests.TestScenario2" time="0">
    <skipped/>
  </testcase>
  <testcase name="dragAndDrop" classname="lambdatest.Tests.TestScenario2" time="0">
    <skipped/>
  </testcase>
  <testcase name="setup" classname="lambdatest.Tests.TestScenario1" time="8.619">
    <failure type="java.lang.NullPointerException">java.lang.NullPointerException
</failure>
    <system-out><![CDATA[Could not start a new session. Possible causes are invalid address of the remote server or browser start-up failure. 
Host info: host: 'himanshu507-lambdatests-mz510735rot', ip: '127.0.0.1'
Build info: version: '4.8.0', revision: '267030adea'
System info: os.name: 'Linux', os.arch: 'amd64', os.version: '5.15.0-47-generic', java.version: '11.0.17'
Driver info: org.openqa.selenium.remote.RemoteWebDriver
Command: [null, newSession {capabilities=[Capabilities {browserName: chrome, build: SeleniumJava101Assignment, console: true, name: SeleniumJava101Assignment, network: true, platform: WIN10, selenium_version: 4.0.0, version: 88.0, video: true, visual: true}], desiredCapabilities=Capabilities {browserName: chrome, build: SeleniumJava101Assignment, console: true, name: SeleniumJava101Assignment, network: true, platform: WIN10, selenium_version: 4.0.0, version: 88.0, video: true, visual: true}}]
Capabilities {}
]]></system-out>
    <system-err><![CDATA[Feb 23, 2023 6:03:46 PM org.openqa.selenium.remote.RemoteWebDriver checkNonW3CCapabilities
WARNING: Support for Legacy Capabilities is deprecated; You are sending the following invalid capabilities: [build, console, name, network, platform, selenium_version, version, video, visual]; Please update to W3C Syntax: https://www.selenium.dev/blog/2022/legacy-protocol-support/
]]></system-err>
  </testcase>
  <testcase name="setup" classname="lambdatest.Tests.TestScenario1" time="61.523">
    <failure type="java.lang.NullPointerException">java.lang.NullPointerException
</failure>
    <system-out><![CDATA[Could not start a new session. Possible causes are invalid address of the remote server or browser start-up failure. 
Host info: host: 'himanshu507-lambdatests-mz510735rot', ip: '127.0.0.1'
]]></system-out>
    <system-err><![CDATA[Feb 23, 2023 6:06:51 PM org.openqa.selenium.remote.RemoteWebDriver checkNonW3CCapabilities
WARNING: Support for Legacy Capabilities is deprecated; You are sending the following invalid capabilities: [build, console, name, network, platform, selenium_version, version, video, visual]; Please update to W3C Syntax: https://www.selenium.dev/blog/2022/legacy-protocol-support/
]]></system-err>
  </testcase>
  <testcase name="setup" classname="lambdatest.Tests.TestScenario2" time="20.799">
    <failure type="java.lang.NullPointerException">java.lang.NullPointerException
</failure>
    <system-out><![CDATA[Could not start a new session. Possible causes are invalid address of the remote server or browser start-up failure. 
Host info: host: 'himanshu507-lambdatests-mz510735rot', ip: '127.0.0.1'
]]></system-out>
    <system-err><![CDATA[Feb 23, 2023 6:03:51 PM org.openqa.selenium.remote.RemoteWebDriver checkNonW3CCapabilities
WARNING: Support for Legacy Capabilities is deprecated; You are sending the following invalid capabilities: [build, console, name, network, platform, selenium_version, version, video, visual]; Please update to W3C Syntax: https://www.selenium.dev/blog/2022/legacy-protocol-support/
]]></system-err>
  </testcase>
  <testcase name="setup" classname="lambdatest.Tests.TestScenario2" time="4.006">
    <failure type="java.lang.NullPointerException">java.lang.NullPointerException
</failure>
    <system-out><![CDATA[Could not start a new session. Possible causes are invalid address of the remote server or browser start-up failure. 
Host info: host: 'himanshu507-lambdatests-mz510735rot', ip: '127.0.0.1'
Build info: version: '4.8.0', revision: '267030adea'
System info: os.name: 'Linux', os.arch: 'amd64', os.version: '5.15.0-47-generic', java.version: '11.0.17'
Driver info: org.openqa.selenium.remote.RemoteWebDriver
Command: [null, newSession {capabilities=[Capabilities {browserName: chrome, build: SeleniumJava101Assignment, console: true, name: SeleniumJava101Assignment, network: true, platform: WIN10, selenium_version: 4.0.0, version: 88.0, video: true, visual: true}], desiredCapabilities=Capabilities {browserName: chrome, build: SeleniumJava101Assignment, console: true, name: SeleniumJava101Assignment, network: true, platform: WIN10, selenium_version: 4.0.0, version: 88.0, video: true, visual: true}}]
Capabilities {}
]]></system-out>
  </testcase>
  <testcase name="setup" classname="lambdatest.Tests.TestScenario2" time="140.138">
    <failure type="java.lang.NullPointerException">java.lang.NullPointerException
</failure>
    <system-out><![CDATA[Could not start a new session. Possible causes are invalid address of the remote server or browser start-up failure. 
Host info: host: 'himanshu507-lambdatests-mz510735rot', ip: '127.0.0.1'
Build info: version: '4.8.0', revision: '267030adea'
System info: os.name: 'Linux', os.arch: 'amd64', os.version: '5.15.0-47-generic', java.version: '11.0.17'
Driver info: org.openqa.selenium.remote.RemoteWebDriver
Command: [null, newSession {capabilities=[Capabilities {browserName: Internet Explorer, build: SeleniumJava101Assignment, console: true, name: SeleniumJava101Assignment, network: true, platform: Windows 10, selenium_version: 4.0.0, version: 11.0, video: true, visual: true}], desiredCapabilities=Capabilities {browserName: Internet Explorer, build: SeleniumJava101Assignment, console: true, name: SeleniumJava101Assignment, network: true, platform: Windows 10, selenium_version: 4.0.0, version: 11.0, video: true, visual: true}}]
Capabilities {}
]]></system-out>
  </testcase>
  <testcase name="checkFieldsMsg" classname="lambdatest.Tests.TestScenario3" time="2.454"/>
  <testcase name="checkFieldsMsg" classname="lambdatest.Tests.TestScenario3" time="0">
    <skipped/>
  </testcase>
  <testcase name="checkFieldsMsg" classname="lambdatest.Tests.TestScenario3" time="2.353"/>
  <testcase name="checkFieldsMsg" classname="lambdatest.Tests.TestScenario3" time="0">
    <skipped/>
  </testcase>
  <testcase name="validateMessage" classname="lambdatest.Tests.TestScenario1" time="0.027">
    <failure message="Unable to find the session info for particular sessionId 9b46ff0d2a0649ad132fd5e706012e8b, maybe session has quit already or timed out.&#10;Build info: version: &apos;4.8.0&apos;, revision: &apos;267030adea&apos;&#10;System info: os.name: &apos;Linux&apos;, os.arch: &apos;amd64&apos;, os.version: &apos;5.15.0-47-generic&apos;, java.version: &apos;11.0.17&apos;&#10;Driver info: org.openqa.selenium.remote.RemoteWebDriver&#10;Command: [9b46ff0d2a0649ad132fd5e706012e8b, findElement {using=id, value=user-message}]&#10;Capabilities {acceptInsecureCerts: false, browserName: msedge, browserVersion: 87.0.664.41, ms:edgeOptions: {debuggerAddress: localhost:49337}, msedge: {msedgedriverVersion: 87.0.669.0 (9e7154764c4ca8c..., userDataDir: /var/folders/nl/mnqgh0js2xb...}, networkConnectionEnabled: false, pageLoadStrategy: normal, platformName: MAC, proxy: Proxy(), se:cdpVersion: 87.0.664.41, setWindowRect: true, strictFileInteractability: false, timeouts: {implicit: 0, pageLoad: 300000, script: 30000}, unhandledPromptBehavior: dismiss and notify, webauthn:virtualAuthenticators: true}&#10;Session ID: 9b46ff0d2a0649ad132fd5e706012e8b" type="org.openqa.selenium.WebDriverException">org.openqa.selenium.WebDriverException: 
Unable to find the session info for particular sessionId 9b46ff0d2a0649ad132fd5e706012e8b, maybe session has quit already or timed out.
Build info: version: '4.8.0', revision: '267030adea'
System info: os.name: 'Linux', os.arch: 'amd64', os.version: '5.15.0-47-generic', java.version: '11.0.17'
Driver info: org.openqa.selenium.remote.RemoteWebDriver
Command: [9b46ff0d2a0649ad132fd5e706012e8b, findElement {using=id, value=user-message}]
Capabilities {acceptInsecureCerts: false, browserName: msedge, browserVersion: 87.0.664.41, ms:edgeOptions: {debuggerAddress: localhost:49337}, msedge: {msedgedriverVersion: 87.0.669.0 (9e7154764c4ca8c..., userDataDir: /var/folders/nl/mnqgh0js2xb...}, networkConnectionEnabled: false, pageLoadStrategy: normal, platformName: MAC, proxy: Proxy(), se:cdpVersion: 87.0.664.41, setWindowRect: true, strictFileInteractability: false, timeouts: {implicit: 0, pageLoad: 300000, script: 30000}, unhandledPromptBehavior: dismiss and notify, webauthn:virtualAuthenticators: true}
Session ID: 9b46ff0d2a0649ad132fd5e706012e8b
	at lambdatest.Tests.TestScenario1.validateMessage(TestScenario1.java:20)
</failure>
  </testcase>
  <testcase name="validateMessage" classname="lambdatest.Tests.TestScenario1" time="0.531">
    <failure message="Unable to find the session info for particular sessionId f88058f2-3a64-46df-b9ad-f027dae36713, maybe session has quit already or timed out.&#10;Build info: version: &apos;4.8.0&apos;, revision: &apos;267030adea&apos;&#10;System info: os.name: &apos;Linux&apos;, os.arch: &apos;amd64&apos;, os.version: &apos;5.15.0-47-generic&apos;, java.version: &apos;11.0.17&apos;&#10;Driver info: org.openqa.selenium.remote.RemoteWebDriver&#10;Command: [f88058f2-3a64-46df-b9ad-f027dae36713, findElement {using=id, value=user-message}]&#10;Capabilities {acceptInsecureCerts: true, browserName: firefox, browserVersion: 82.0, moz:accessibilityChecks: false, moz:buildID: 20201014125134, moz:geckodriverVersion: 0.30.0, moz:headless: false, moz:processID: 3876, moz:profile: C:\Users\ltuser\AppData\Loc..., moz:shutdownTimeout: 60000, moz:useNonSpecCompliantPointerOrigin: false, moz:webdriverClick: true, pageLoadStrategy: normal, platformName: WINDOWS, platformVersion: 6.1, rotatable: false, setWindowRect: true, strictFileInteractability: false, timeouts: {implicit: 0, pageLoad: 300000, script: 30000}, unhandledPromptBehavior: dismiss and notify}&#10;Session ID: f88058f2-3a64-46df-b9ad-f027dae36713" type="org.openqa.selenium.WebDriverException">org.openqa.selenium.WebDriverException: 
Unable to find the session info for particular sessionId f88058f2-3a64-46df-b9ad-f027dae36713, maybe session has quit already or timed out.
Build info: version: '4.8.0', revision: '267030adea'
System info: os.name: 'Linux', os.arch: 'amd64', os.version: '5.15.0-47-generic', java.version: '11.0.17'
Driver info: org.openqa.selenium.remote.RemoteWebDriver
Command: [f88058f2-3a64-46df-b9ad-f027dae36713, findElement {using=id, value=user-message}]
Capabilities {acceptInsecureCerts: true, browserName: firefox, browserVersion: 82.0, moz:accessibilityChecks: false, moz:buildID: 20201014125134, moz:geckodriverVersion: 0.30.0, moz:headless: false, moz:processID: 3876, moz:profile: C:\Users\ltuser\AppData\Loc..., moz:shutdownTimeout: 60000, moz:useNonSpecCompliantPointerOrigin: false, moz:webdriverClick: true, pageLoadStrategy: normal, platformName: WINDOWS, platformVersion: 6.1, rotatable: false, setWindowRect: true, strictFileInteractability: false, timeouts: {implicit: 0, pageLoad: 300000, script: 30000}, unhandledPromptBehavior: dismiss and notify}
Session ID: f88058f2-3a64-46df-b9ad-f027dae36713
	at lambdatest.Tests.TestScenario1.validateMessage(TestScenario1.java:20)
</failure>
  </testcase>
  <testcase name="validateMessage" classname="lambdatest.Tests.TestScenario1" time="0">
    <skipped message="Method lambdatest.Tests.TestScenario1.validateMessage() on instance lambdatest.Tests.TestScenario1@f736069 depends on not successfully finished methods &#10;[lambdatest.Tests.TestScenario1.validateUrl() on instance lambdatest.Tests.TestScenario1@f736069]"/>
  </testcase>
  <testcase name="validateMessage" classname="lambdatest.Tests.TestScenario1" time="0">
    <skipped message="Method lambdatest.Tests.TestScenario1.validateMessage() on instance lambdatest.Tests.TestScenario1@1151e434 depends on not successfully finished methods &#10;[lambdatest.Tests.TestScenario1.validateUrl() on instance lambdatest.Tests.TestScenario1@1151e434]"/>
  </testcase>
  <testcase name="teardown" classname="lambdatest.Tests.TestScenario1" time="0.051">
    <failure message="Unable to find the session info for particular sessionId 9b46ff0d2a0649ad132fd5e706012e8b, maybe session has quit already or timed out.&#10;Build info: version: &apos;4.8.0&apos;, revision: &apos;267030adea&apos;&#10;System info: os.name: &apos;Linux&apos;, os.arch: &apos;amd64&apos;, os.version: &apos;5.15.0-47-generic&apos;, java.version: &apos;11.0.17&apos;&#10;Driver info: org.openqa.selenium.remote.RemoteWebDriver&#10;Command: [9b46ff0d2a0649ad132fd5e706012e8b, executeScript {script=lambda-status=false, args=[]}]&#10;Capabilities {acceptInsecureCerts: false, browserName: msedge, browserVersion: 87.0.664.41, ms:edgeOptions: {debuggerAddress: localhost:49337}, msedge: {msedgedriverVersion: 87.0.669.0 (9e7154764c4ca8c..., userDataDir: /var/folders/nl/mnqgh0js2xb...}, networkConnectionEnabled: false, pageLoadStrategy: normal, platformName: MAC, proxy: Proxy(), se:cdpVersion: 87.0.664.41, setWindowRect: true, strictFileInteractability: false, timeouts: {implicit: 0, pageLoad: 300000, script: 30000}, unhandledPromptBehavior: dismiss and notify, webauthn:virtualAuthenticators: true}&#10;Session ID: 9b46ff0d2a0649ad132fd5e706012e8b" type="org.openqa.selenium.WebDriverException">org.openqa.selenium.WebDriverException: 
Unable to find the session info for particular sessionId 9b46ff0d2a0649ad132fd5e706012e8b, maybe session has quit already or timed out.
Build info: version: '4.8.0', revision: '267030adea'
System info: os.name: 'Linux', os.arch: 'amd64', os.version: '5.15.0-47-generic', java.version: '11.0.17'
Driver info: org.openqa.selenium.remote.RemoteWebDriver
Command: [9b46ff0d2a0649ad132fd5e706012e8b, executeScript {script=lambda-status=false, args=[]}]
Capabilities {acceptInsecureCerts: false, browserName: msedge, browserVersion: 87.0.664.41, ms:edgeOptions: {debuggerAddress: localhost:49337}, msedge: {msedgedriverVersion: 87.0.669.0 (9e7154764c4ca8c..., userDataDir: /var/folders/nl/mnqgh0js2xb...}, networkConnectionEnabled: false, pageLoadStrategy: normal, platformName: MAC, proxy: Proxy(), se:cdpVersion: 87.0.664.41, setWindowRect: true, strictFileInteractability: false, timeouts: {implicit: 0, pageLoad: 300000, script: 30000}, unhandledPromptBehavior: dismiss and notify, webauthn:virtualAuthenticators: true}
Session ID: 9b46ff0d2a0649ad132fd5e706012e8b
</failure>
  </testcase>
  <testcase name="teardown" classname="lambdatest.Tests.TestScenario1" time="0.756">
    <failure message="Unable to find the session info for particular sessionId f88058f2-3a64-46df-b9ad-f027dae36713, maybe session has quit already or timed out.&#10;Build info: version: &apos;4.8.0&apos;, revision: &apos;267030adea&apos;&#10;System info: os.name: &apos;Linux&apos;, os.arch: &apos;amd64&apos;, os.version: &apos;5.15.0-47-generic&apos;, java.version: &apos;11.0.17&apos;&#10;Driver info: org.openqa.selenium.remote.RemoteWebDriver&#10;Command: [f88058f2-3a64-46df-b9ad-f027dae36713, executeScript {script=lambda-status=false, args=[]}]&#10;Capabilities {acceptInsecureCerts: true, browserName: firefox, browserVersion: 82.0, moz:accessibilityChecks: false, moz:buildID: 20201014125134, moz:geckodriverVersion: 0.30.0, moz:headless: false, moz:processID: 3876, moz:profile: C:\Users\ltuser\AppData\Loc..., moz:shutdownTimeout: 60000, moz:useNonSpecCompliantPointerOrigin: false, moz:webdriverClick: true, pageLoadStrategy: normal, platformName: WINDOWS, platformVersion: 6.1, rotatable: false, setWindowRect: true, strictFileInteractability: false, timeouts: {implicit: 0, pageLoad: 300000, script: 30000}, unhandledPromptBehavior: dismiss and notify}&#10;Session ID: f88058f2-3a64-46df-b9ad-f027dae36713" type="org.openqa.selenium.WebDriverException">org.openqa.selenium.WebDriverException: 
Unable to find the session info for particular sessionId f88058f2-3a64-46df-b9ad-f027dae36713, maybe session has quit already or timed out.
Build info: version: '4.8.0', revision: '267030adea'
System info: os.name: 'Linux', os.arch: 'amd64', os.version: '5.15.0-47-generic', java.version: '11.0.17'
Driver info: org.openqa.selenium.remote.RemoteWebDriver
Command: [f88058f2-3a64-46df-b9ad-f027dae36713, executeScript {script=lambda-status=false, args=[]}]
Capabilities {acceptInsecureCerts: true, browserName: firefox, browserVersion: 82.0, moz:accessibilityChecks: false, moz:buildID: 20201014125134, moz:geckodriverVersion: 0.30.0, moz:headless: false, moz:processID: 3876, moz:profile: C:\Users\ltuser\AppData\Loc..., moz:shutdownTimeout: 60000, moz:useNonSpecCompliantPointerOrigin: false, moz:webdriverClick: true, pageLoadStrategy: normal, platformName: WINDOWS, platformVersion: 6.1, rotatable: false, setWindowRect: true, strictFileInteractability: false, timeouts: {implicit: 0, pageLoad: 300000, script: 30000}, unhandledPromptBehavior: dismiss and notify}
Session ID: f88058f2-3a64-46df-b9ad-f027dae36713
</failure>
  </testcase>
  <testcase name="SubmitData" classname="lambdatest.Tests.TestScenario3" time="6.417"/>
  <testcase name="SubmitData" classname="lambdatest.Tests.TestScenario3" time="0">
    <skipped message="Method lambdatest.Tests.TestScenario3.SubmitData() on instance lambdatest.Tests.TestScenario3@26e356f0 depends on not successfully finished methods &#10;[lambdatest.Tests.TestScenario3.checkFieldsMsg() on instance lambdatest.Tests.TestScenario3@26e356f0]"/>
  </testcase>
  <testcase name="SubmitData" classname="lambdatest.Tests.TestScenario3" time="4.923"/>
  <testcase name="SubmitData" classname="lambdatest.Tests.TestScenario3" time="0">
    <skipped message="Method lambdatest.Tests.TestScenario3.SubmitData() on instance lambdatest.Tests.TestScenario3@4659191b depends on not successfully finished methods &#10;[lambdatest.Tests.TestScenario3.checkFieldsMsg() on instance lambdatest.Tests.TestScenario3@4659191b]"/>
  </testcase>
  <testcase name="setup" classname="lambdatest.Tests.TestScenario3" time="121.703">
    <failure type="java.lang.NullPointerException">java.lang.NullPointerException
</failure>
    <system-out><![CDATA[Could not start a new session. Possible causes are invalid address of the remote server or browser start-up failure. 
Host info: host: 'himanshu507-lambdatests-mz510735rot', ip: '127.0.0.1'
]]></system-out>
    <system-err><![CDATA[Feb 23, 2023 6:04:53 PM org.openqa.selenium.remote.RemoteWebDriver checkNonW3CCapabilities
WARNING: Support for Legacy Capabilities is deprecated; You are sending the following invalid capabilities: [build, console, name, network, platform, selenium_version, version, video, visual]; Please update to W3C Syntax: https://www.selenium.dev/blog/2022/legacy-protocol-support/
]]></system-err>
  </testcase>
  <testcase name="setup" classname="lambdatest.Tests.TestScenario3" time="180.099">
    <failure type="java.lang.NullPointerException">java.lang.NullPointerException
</failure>
    <system-out><![CDATA[Could not start a new session. Possible causes are invalid address of the remote server or browser start-up failure. 
Host info: host: 'himanshu507-lambdatests-mz510735rot', ip: '127.0.0.1'
Build info: version: '4.8.0', revision: '267030adea'
System info: os.name: 'Linux', os.arch: 'amd64', os.version: '5.15.0-47-generic', java.version: '11.0.17'
Driver info: org.openqa.selenium.remote.RemoteWebDriver
Command: [null, newSession {capabilities=[Capabilities {browserName: Internet Explorer, build: SeleniumJava101Assignment, console: true, name: SeleniumJava101Assignment, network: true, platform: Windows 10, selenium_version: 4.0.0, version: 11.0, video: true, visual: true}], desiredCapabilities=Capabilities {browserName: Internet Explorer, build: SeleniumJava101Assignment, console: true, name: SeleniumJava101Assignment, network: true, platform: Windows 10, selenium_version: 4.0.0, version: 11.0, video: true, visual: true}}]
Capabilities {}
]]></system-out>
    <system-err><![CDATA[Feb 23, 2023 6:10:53 PM org.openqa.selenium.remote.RemoteWebDriver checkNonW3CCapabilities
WARNING: Support for Legacy Capabilities is deprecated; You are sending the following invalid capabilities: [build, console, name, network, platform, selenium_version, version, video, visual]; Please update to W3C Syntax: https://www.selenium.dev/blog/2022/legacy-protocol-support/
]]></system-err>
  </testcase>
</testsuite>