<?xml version="1.0" encoding="UTF-8"?>
<!-- Generated by org.testng.reporters.JUnitReportReporter -->
<testsuite hostname="Air.local" failures="0" tests="1" name="lambdatest.Tests.TestScenario2" time="1.296" errors="0" timestamp="2023-02-23T11:41:37 IST" skipped="0">
  <testcase classname="lambdatest.Tests.TestScenario2" name="dragAndDrop" time="1.296"/>
  <system-out/>
</testsuite> <!-- lambdatest.Tests.TestScenario2 -->
