<?xml version="1.0" encoding="UTF-8"?>
<!-- Generated by org.testng.reporters.JUnitReportReporter -->
<testsuite hostname="Air.local" failures="0" tests="2" name="lambdatest.Tests.TestScenario3" time="0.988" errors="0" timestamp="2023-02-23T11:41:37 IST" skipped="0">
  <testcase classname="lambdatest.Tests.TestScenario3" name="checkFieldsMsg" time="0.121"/>
  <system-out/>
  <testcase classname="lambdatest.Tests.TestScenario3" name="SubmitData" time="0.867"/>
  <system-out/>
</testsuite> <!-- lambdatest.Tests.TestScenario3 -->
