<?xml version="1.0" encoding="UTF-8"?>
<!-- Generated by org.testng.reporters.JUnitReportReporter -->
<testsuite hostname="himanshu507-lambdatests-mz510735rot" failures="0" tests="1" name="lambdatest.Tests.TestScenario2" time="2.864" errors="0" timestamp="2023-02-23T16:55:49 UTC" skipped="0">
  <testcase classname="lambdatest.Tests.TestScenario2" name="dragAndDrop" time="2.864"/>
  <system-out/>
</testsuite> <!-- lambdatest.Tests.TestScenario2 -->
