<?xml version="1.0" encoding="UTF-8"?>
<!-- Generated by org.testng.reporters.JUnitReportReporter -->
<testsuite hostname="himanshu507-lambdatests-mz510735rot" failures="0" tests="2" name="lambdatest.Tests.TestScenario3" time="8.780" errors="0" timestamp="2023-02-23T16:55:49 UTC" skipped="0">
  <testcase classname="lambdatest.Tests.TestScenario3" name="checkFieldsMsg" time="3.639"/>
  <system-out/>
  <testcase classname="lambdatest.Tests.TestScenario3" name="SubmitData" time="5.141"/>
  <system-out/>
</testsuite> <!-- lambdatest.Tests.TestScenario3 -->
