<?xml version="1.0" encoding="UTF-8"?>
<!-- Generated by org.testng.reporters.JUnitReportReporter -->
<testsuite hostname="Air.local" failures="0" tests="2" name="lambdatest.Tests.TestScenario1" time="3.627" errors="0" timestamp="2023-02-23T11:41:37 IST" skipped="0">
  <testcase classname="lambdatest.Tests.TestScenario1" name="validateUrl" time="3.503"/>
  <system-out/>
  <testcase classname="lambdatest.Tests.TestScenario1" name="validateMessage" time="0.124"/>
  <system-out/>
</testsuite> <!-- lambdatest.Tests.TestScenario1 -->
