<?xml version="1.0" encoding="UTF-8"?>
<!-- Generated by org.testng.reporters.JUnitReportReporter -->
<testsuite hostname="Air.local" failures="0" tests="1" name="lambdatest.Tests.TestScenario2" time="4.751" errors="0" timestamp="2023-02-23T01:31:29 IST" skipped="0">
  <testcase classname="lambdatest.Tests.TestScenario2" name="dragAndDrop" time="4.751"/>
  <system-out/>
</testsuite> <!-- lambdatest.Tests.TestScenario2 -->
