<?xml version="1.0" encoding="UTF-8"?>
<!-- Generated by org.testng.reporters.JUnitReportReporter -->
<testsuite hostname="himanshu507-lambdatests-mz510735rot" failures="0" tests="2" name="lambdatest.Tests.TestScenario1" time="4.392" errors="0" timestamp="2023-02-23T16:55:49 UTC" skipped="0">
  <testcase classname="lambdatest.Tests.TestScenario1" name="validateMessage" time="1.099"/>
  <system-out/>
  <testcase classname="lambdatest.Tests.TestScenario1" name="validateUrl" time="3.293"/>
  <system-out/>
</testsuite> <!-- lambdatest.Tests.TestScenario1 -->
